<?xml version="1.0" encoding="UTF-8"?>
<!-- Generated by org.testng.reporters.JUnitReportReporter -->
<testsuite hostname="DESKTOP-J81GBTP" failures="2" tests="2" name="runner.RunTest" time="12.459" errors="0" timestamp="2025-03-07T16:28:40 IST" skipped="0">
  <testcase classname="runner.RunTest" name="runScenario" time="6.265">
    <failure message="Booking Failure--&gt;Response Code is NOT 200, Please check!
Expected: &lt;201&gt;
     but: was &lt;409&gt;" type="java.lang.AssertionError">
      <![CDATA[java.lang.AssertionError: Booking Failure-->Response Code is NOT 200, Please check!
Expected: <201>
     but: was <409>
at org.hamcrest.MatcherAssert.assertThat(MatcherAssert.java:20)
at steps.BookingSteps.verifyBookingConfirmation(BookingSteps.java:39)
at ✽.Booking is confirmed with a success message(file:///C:/KATA_API_FRAMEWORK/RESTAPI__AUTOMATION_FRAMEWORK/src/test/resources/feature/Bookings.feature:18)
]]>
    </failure>
  </testcase> <!-- runScenario -->
  <system-out/>
  <testcase classname="runner.RunTest" name="runScenario" time="6.194">
    <failure message="Unable to get the booking details--&gt;Response Code is NOT 200, Please check!
Expected: &lt;200&gt;
     but: was &lt;404&gt;" type="java.lang.AssertionError">
      <![CDATA[java.lang.AssertionError: Unable to get the booking details-->Response Code is NOT 200, Please check!
Expected: <200>
     but: was <404>
at org.hamcrest.MatcherAssert.assertThat(MatcherAssert.java:20)
at steps.BookingSteps.bookingDetailsSuccessfullyRetrieved(BookingSteps.java:65)
at ✽.I should receive a successful confirmation for the booking details(file:///C:/KATA_API_FRAMEWORK/RESTAPI__AUTOMATION_FRAMEWORK/src/test/resources/feature/Bookings.feature:25)
]]>
    </failure>
  </testcase> <!-- runScenario -->
  <system-out/>
</testsuite> <!-- runner.RunTest -->
